C:\MYGIT\BACKGAMMON\BACKGAMMON\BACKGAMMON\DEBUG\BACKGAMMON.EXE.INTERMEDIATE.MANIFEST
C:\MYGIT\BACKGAMMON\BACKGAMMON\BACKGAMMON\DEBUG\BACKGAMMON.OBJ
C:\myGit\Backgammon\Backgammon\Backgammon\Debug\Backgammon.vcxprojResolveAssemblyReference.cache
C:\myGit\Backgammon\Backgammon\Backgammon\Debug\Backgammon.write.1.tlog
C:\myGit\Backgammon\Backgammon\Backgammon\Debug\cl.command.1.tlog
C:\myGit\Backgammon\Backgammon\Backgammon\Debug\CL.read.1.tlog
C:\myGit\Backgammon\Backgammon\Backgammon\Debug\CL.write.1.tlog
C:\MYGIT\BACKGAMMON\BACKGAMMON\BACKGAMMON\DEBUG\COMPUTERMOVE.OBJ
C:\myGit\Backgammon\Backgammon\Backgammon\Debug\custombuild.command.1.tlog
C:\myGit\Backgammon\Backgammon\Backgammon\Debug\custombuild.read.1.tlog
C:\myGit\Backgammon\Backgammon\Backgammon\Debug\custombuild.write.1.tlog
C:\MYGIT\BACKGAMMON\BACKGAMMON\BACKGAMMON\DEBUG\JUDGEWINNER.OBJ
C:\myGit\Backgammon\Backgammon\Backgammon\Debug\link.command.1.tlog
C:\myGit\Backgammon\Backgammon\Backgammon\Debug\link.read.1.tlog
C:\myGit\Backgammon\Backgammon\Backgammon\Debug\link.write.1.tlog
C:\MYGIT\BACKGAMMON\BACKGAMMON\BACKGAMMON\DEBUG\MAIN.OBJ
C:\MYGIT\BACKGAMMON\BACKGAMMON\BACKGAMMON\DEBUG\MOC_BACKGAMMON.OBJ
C:\myGit\Backgammon\Backgammon\Backgammon\Debug\mt.command.1.tlog
C:\myGit\Backgammon\Backgammon\Backgammon\Debug\mt.read.1.tlog
C:\myGit\Backgammon\Backgammon\Backgammon\Debug\mt.write.1.tlog
C:\MYGIT\BACKGAMMON\BACKGAMMON\BACKGAMMON\DEBUG\QRC_BACKGAMMON.OBJ
C:\MYGIT\BACKGAMMON\BACKGAMMON\BACKGAMMON\DEBUG\VC100.PDB
C:\MYGIT\BACKGAMMON\BACKGAMMON\BACKGAMMON\GENERATEDFILES\DEBUG\MOC_BACKGAMMON.CPP
C:\MYGIT\BACKGAMMON\BACKGAMMON\BACKGAMMON\GENERATEDFILES\QRC_BACKGAMMON.CPP
C:\MYGIT\BACKGAMMON\BACKGAMMON\BACKGAMMON\GENERATEDFILES\UI_BACKGAMMON.H
C:\MYGIT\BACKGAMMON\BACKGAMMON\WIN32\DEBUG\BACKGAMMON.EXE
C:\MYGIT\BACKGAMMON\BACKGAMMON\WIN32\DEBUG\BACKGAMMON.ILK
C:\MYGIT\BACKGAMMON\BACKGAMMON\WIN32\DEBUG\BACKGAMMON.PDB
C:\USERS\KPO\DESKTOP\BACKGAMMON\BACKGAMMON\DEBUG\BACKGAMMON.EXE.INTERMEDIATE.MANIFEST
C:\USERS\KPO\DESKTOP\BACKGAMMON\BACKGAMMON\DEBUG\BACKGAMMON.OBJ
C:\USERS\KPO\DESKTOP\BACKGAMMON\BACKGAMMON\DEBUG\COMPUTERMOVE.OBJ
C:\USERS\KPO\DESKTOP\BACKGAMMON\BACKGAMMON\DEBUG\JUDGEWINNER.OBJ
C:\USERS\KPO\DESKTOP\BACKGAMMON\BACKGAMMON\DEBUG\MAIN.OBJ
C:\USERS\KPO\DESKTOP\BACKGAMMON\BACKGAMMON\DEBUG\MOC_BACKGAMMON.OBJ
C:\USERS\KPO\DESKTOP\BACKGAMMON\BACKGAMMON\DEBUG\QRC_BACKGAMMON.OBJ
C:\USERS\KPO\DESKTOP\BACKGAMMON\BACKGAMMON\DEBUG\VC100.PDB
C:\USERS\KPO\DESKTOP\BACKGAMMON\BACKGAMMON\GENERATEDFILES\DEBUG\MOC_BACKGAMMON.CPP
C:\USERS\KPO\DESKTOP\BACKGAMMON\BACKGAMMON\GENERATEDFILES\QRC_BACKGAMMON.CPP
C:\USERS\KPO\DESKTOP\BACKGAMMON\BACKGAMMON\GENERATEDFILES\UI_BACKGAMMON.H
C:\USERS\KPO\DESKTOP\BACKGAMMON\WIN32\DEBUG\BACKGAMMON.EXE
C:\USERS\KPO\DESKTOP\BACKGAMMON\WIN32\DEBUG\BACKGAMMON.ILK
C:\USERS\KPO\DESKTOP\BACKGAMMON\WIN32\DEBUG\BACKGAMMON.PDB
